<?xml version="1.0" encoding="UTF-8"?>
<!-- Generated by org.testng.reporters.JUnitReportReporter -->
<testsuite hostname="DESKTOP-E58OIO1" failures="0" tests="3" name="com.pom.qa.testcases.ForgotPwPageTest" time="28.965" errors="0" timestamp="2022-03-28T17:31:26 GMT-04:00" skipped="0">
  <testcase classname="com.pom.qa.testcases.ForgotPwPageTest" name="forgotpwstextverify" time="9.607"/>
  <system-out/>
  <testcase classname="com.pom.qa.testcases.ForgotPwPageTest" name="BackButtonverify" time="10.237"/>
  <system-out/>
  <testcase classname="com.pom.qa.testcases.ForgotPwPageTest" name="emailboxverify" time="9.121"/>
  <system-out/>
</testsuite> <!-- com.pom.qa.testcases.ForgotPwPageTest -->
