<?xml version="1.0" encoding="UTF-8"?>
<!-- Generated by org.testng.reporters.JUnitReportReporter -->
<testsuite hostname="DESKTOP-E58OIO1" failures="0" tests="4" name="com.pom.qa.testcases.HomePageTest" time="60.976" errors="0" timestamp="2022-03-28T17:31:26 GMT-04:00" skipped="0">
  <testcase classname="com.pom.qa.testcases.HomePageTest" name="homepagetitle" time="18.895"/>
  <system-out/>
  <testcase classname="com.pom.qa.testcases.HomePageTest" name="verifyUsername" time="16.777"/>
  <system-out/>
  <testcase classname="com.pom.qa.testcases.HomePageTest" name="signoutbtntest" time="14.625"/>
  <system-out/>
  <testcase classname="com.pom.qa.testcases.HomePageTest" name="logoPresenttest" time="10.679"/>
  <system-out/>
</testsuite> <!-- com.pom.qa.testcases.HomePageTest -->
