<?xml version="1.0" encoding="UTF-8"?>
<!-- Generated by org.testng.reporters.JUnitReportReporter -->
<testsuite hostname="DESKTOP-E58OIO1" failures="3" tests="23" name="com.pom.qa.testcases.LoginPageTest" time="293.207" errors="0" timestamp="2022-03-28T17:31:26 GMT-04:00" skipped="0">
  <testcase classname="com.pom.qa.testcases.LoginPageTest" name="SuccessfulLogInTest" time="15.651"/>
  <system-out/>
  <testcase classname="com.pom.qa.testcases.LoginPageTest" name="emptyEmailEmptyPwdTest" time="11.326">
    <failure message="expected [An email address required.] but found [Invalid email address.]" type="java.lang.AssertionError">
      <![CDATA[java.lang.AssertionError: expected [An email address required.] but found [Invalid email address.]
at org.testng.Assert.fail(Assert.java:110)
at org.testng.Assert.failNotEquals(Assert.java:1413)
at org.testng.Assert.assertEqualsImpl(Assert.java:149)
at org.testng.Assert.assertEquals(Assert.java:131)
at org.testng.Assert.assertEquals(Assert.java:655)
at org.testng.Assert.assertEquals(Assert.java:665)
at com.pom.qa.testcases.LoginPageTest.emptyEmailEmptyPwdTest(LoginPageTest.java:125)
at java.base/jdk.internal.reflect.NativeMethodAccessorImpl.invoke0(Native Method)
at java.base/jdk.internal.reflect.NativeMethodAccessorImpl.invoke(NativeMethodAccessorImpl.java:64)
at java.base/jdk.internal.reflect.DelegatingMethodAccessorImpl.invoke(DelegatingMethodAccessorImpl.java:43)
at java.base/java.lang.reflect.Method.invoke(Method.java:564)
at org.testng.internal.invokers.MethodInvocationHelper.invokeMethod(MethodInvocationHelper.java:135)
at org.testng.internal.invokers.TestInvoker.invokeMethod(TestInvoker.java:673)
at org.testng.internal.invokers.TestInvoker.invokeTestMethod(TestInvoker.java:220)
at org.testng.internal.invokers.MethodRunner.runInSequence(MethodRunner.java:50)
at org.testng.internal.invokers.TestInvoker$MethodInvocationAgent.invoke(TestInvoker.java:945)
at org.testng.internal.invokers.TestInvoker.invokeTestMethods(TestInvoker.java:193)
at org.testng.internal.invokers.TestMethodWorker.invokeTestMethods(TestMethodWorker.java:146)
at org.testng.internal.invokers.TestMethodWorker.run(TestMethodWorker.java:128)
at java.base/java.util.ArrayList.forEach(ArrayList.java:1511)
at org.testng.TestRunner.privateRun(TestRunner.java:808)
at org.testng.TestRunner.run(TestRunner.java:603)
at org.testng.SuiteRunner.runTest(SuiteRunner.java:429)
at org.testng.SuiteRunner.runSequentially(SuiteRunner.java:423)
at org.testng.SuiteRunner.privateRun(SuiteRunner.java:383)
at org.testng.SuiteRunner.run(SuiteRunner.java:326)
at org.testng.SuiteRunnerWorker.runSuite(SuiteRunnerWorker.java:52)
at org.testng.SuiteRunnerWorker.run(SuiteRunnerWorker.java:95)
at org.testng.TestNG.runSuitesSequentially(TestNG.java:1249)
at org.testng.TestNG.runSuitesLocally(TestNG.java:1169)
at org.testng.TestNG.runSuites(TestNG.java:1092)
at org.testng.TestNG.run(TestNG.java:1060)
at org.testng.remote.AbstractRemoteTestNG.run(AbstractRemoteTestNG.java:115)
at org.testng.remote.RemoteTestNG.initAndRun(RemoteTestNG.java:251)
at org.testng.remote.RemoteTestNG.main(RemoteTestNG.java:77)
]]>
    </failure>
  </testcase> <!-- emptyEmailEmptyPwdTest -->
  <system-out/>
  <testcase classname="com.pom.qa.testcases.LoginPageTest" name="WronEmailcorrectPwdTest" time="13.911"/>
  <system-out/>
  <testcase classname="com.pom.qa.testcases.LoginPageTest" name="emptyEmailcorrectPwdTest" time="13.576"/>
  <system-out/>
  <testcase classname="com.pom.qa.testcases.LoginPageTest" name="registerlinkTextTest" time="9.569"/>
  <system-out/>
  <testcase classname="com.pom.qa.testcases.LoginPageTest" name="LoginFromKeyboard" time="18.425"/>
  <system-out/>
  <testcase classname="com.pom.qa.testcases.LoginPageTest" name="invalidEmailwronPwdTest" time="17.836"/>
  <system-out/>
  <testcase classname="com.pom.qa.testcases.LoginPageTest" name="LoginWithIncorrectData" time="9.016"/>
  <system-out/>
  <testcase classname="com.pom.qa.testcases.LoginPageTest" name="CorrectEmailwrongPwdTest" time="13.085"/>
  <system-out/>
  <testcase classname="com.pom.qa.testcases.LoginPageTest" name="emptyEmailwronPwdTest" time="10.229"/>
  <system-out/>
  <testcase classname="com.pom.qa.testcases.LoginPageTest" name="invalidEmailcorrectPwdTest" time="11.114"/>
  <system-out/>
  <testcase classname="com.pom.qa.testcases.LoginPageTest" name="signinbtnEnableTest" time="13.212"/>
  <system-out/>
  <testcase classname="com.pom.qa.testcases.LoginPageTest" name="reglinkDispalyedTest" time="8.434"/>
  <system-out/>
  <testcase classname="com.pom.qa.testcases.LoginPageTest" name="correctEmailemptyPwdTest" time="12.531"/>
  <system-out/>
  <testcase classname="com.pom.qa.testcases.LoginPageTest" name="emailboxpresenttest" time="9.070"/>
  <system-out/>
  <testcase classname="com.pom.qa.testcases.LoginPageTest" name="invalidEmaiemptyPwdTest" time="18.966"/>
  <system-out/>
  <testcase classname="com.pom.qa.testcases.LoginPageTest" name="loginWithEnterbtnCorrectEmailemptypwdTest" time="12.832">
    <failure message="expected [Password is required.] but found [Invalid password.]" type="java.lang.AssertionError">
      <![CDATA[java.lang.AssertionError: expected [Password is required.] but found [Invalid password.]
at org.testng.Assert.fail(Assert.java:110)
at org.testng.Assert.failNotEquals(Assert.java:1413)
at org.testng.Assert.assertEqualsImpl(Assert.java:149)
at org.testng.Assert.assertEquals(Assert.java:131)
at org.testng.Assert.assertEquals(Assert.java:655)
at org.testng.Assert.assertEquals(Assert.java:665)
at com.pom.qa.testcases.LoginPageTest.loginWithEnterbtnCorrectEmailemptypwdTest(LoginPageTest.java:143)
at java.base/jdk.internal.reflect.NativeMethodAccessorImpl.invoke0(Native Method)
at java.base/jdk.internal.reflect.NativeMethodAccessorImpl.invoke(NativeMethodAccessorImpl.java:64)
at java.base/jdk.internal.reflect.DelegatingMethodAccessorImpl.invoke(DelegatingMethodAccessorImpl.java:43)
at java.base/java.lang.reflect.Method.invoke(Method.java:564)
at org.testng.internal.invokers.MethodInvocationHelper.invokeMethod(MethodInvocationHelper.java:135)
at org.testng.internal.invokers.TestInvoker.invokeMethod(TestInvoker.java:673)
at org.testng.internal.invokers.TestInvoker.invokeTestMethod(TestInvoker.java:220)
at org.testng.internal.invokers.MethodRunner.runInSequence(MethodRunner.java:50)
at org.testng.internal.invokers.TestInvoker$MethodInvocationAgent.invoke(TestInvoker.java:945)
at org.testng.internal.invokers.TestInvoker.invokeTestMethods(TestInvoker.java:193)
at org.testng.internal.invokers.TestMethodWorker.invokeTestMethods(TestMethodWorker.java:146)
at org.testng.internal.invokers.TestMethodWorker.run(TestMethodWorker.java:128)
at java.base/java.util.ArrayList.forEach(ArrayList.java:1511)
at org.testng.TestRunner.privateRun(TestRunner.java:808)
at org.testng.TestRunner.run(TestRunner.java:603)
at org.testng.SuiteRunner.runTest(SuiteRunner.java:429)
at org.testng.SuiteRunner.runSequentially(SuiteRunner.java:423)
at org.testng.SuiteRunner.privateRun(SuiteRunner.java:383)
at org.testng.SuiteRunner.run(SuiteRunner.java:326)
at org.testng.SuiteRunnerWorker.runSuite(SuiteRunnerWorker.java:52)
at org.testng.SuiteRunnerWorker.run(SuiteRunnerWorker.java:95)
at org.testng.TestNG.runSuitesSequentially(TestNG.java:1249)
at org.testng.TestNG.runSuitesLocally(TestNG.java:1169)
at org.testng.TestNG.runSuites(TestNG.java:1092)
at org.testng.TestNG.run(TestNG.java:1060)
at org.testng.remote.AbstractRemoteTestNG.run(AbstractRemoteTestNG.java:115)
at org.testng.remote.RemoteTestNG.initAndRun(RemoteTestNG.java:251)
at org.testng.remote.RemoteTestNG.main(RemoteTestNG.java:77)
]]>
    </failure>
  </testcase> <!-- loginWithEnterbtnCorrectEmailemptypwdTest -->
  <system-out/>
  <testcase classname="com.pom.qa.testcases.LoginPageTest" name="emptyEmailinvalidPwdTest" time="14.790">
    <failure message="expected [An email address required.] but found [Invalid email address.]" type="java.lang.AssertionError">
      <![CDATA[java.lang.AssertionError: expected [An email address required.] but found [Invalid email address.]
at org.testng.Assert.fail(Assert.java:110)
at org.testng.Assert.failNotEquals(Assert.java:1413)
at org.testng.Assert.assertEqualsImpl(Assert.java:149)
at org.testng.Assert.assertEquals(Assert.java:131)
at org.testng.Assert.assertEquals(Assert.java:655)
at org.testng.Assert.assertEquals(Assert.java:665)
at com.pom.qa.testcases.LoginPageTest.emptyEmailinvalidPwdTest(LoginPageTest.java:131)
at java.base/jdk.internal.reflect.NativeMethodAccessorImpl.invoke0(Native Method)
at java.base/jdk.internal.reflect.NativeMethodAccessorImpl.invoke(NativeMethodAccessorImpl.java:64)
at java.base/jdk.internal.reflect.DelegatingMethodAccessorImpl.invoke(DelegatingMethodAccessorImpl.java:43)
at java.base/java.lang.reflect.Method.invoke(Method.java:564)
at org.testng.internal.invokers.MethodInvocationHelper.invokeMethod(MethodInvocationHelper.java:135)
at org.testng.internal.invokers.TestInvoker.invokeMethod(TestInvoker.java:673)
at org.testng.internal.invokers.TestInvoker.invokeTestMethod(TestInvoker.java:220)
at org.testng.internal.invokers.MethodRunner.runInSequence(MethodRunner.java:50)
at org.testng.internal.invokers.TestInvoker$MethodInvocationAgent.invoke(TestInvoker.java:945)
at org.testng.internal.invokers.TestInvoker.invokeTestMethods(TestInvoker.java:193)
at org.testng.internal.invokers.TestMethodWorker.invokeTestMethods(TestMethodWorker.java:146)
at org.testng.internal.invokers.TestMethodWorker.run(TestMethodWorker.java:128)
at java.base/java.util.ArrayList.forEach(ArrayList.java:1511)
at org.testng.TestRunner.privateRun(TestRunner.java:808)
at org.testng.TestRunner.run(TestRunner.java:603)
at org.testng.SuiteRunner.runTest(SuiteRunner.java:429)
at org.testng.SuiteRunner.runSequentially(SuiteRunner.java:423)
at org.testng.SuiteRunner.privateRun(SuiteRunner.java:383)
at org.testng.SuiteRunner.run(SuiteRunner.java:326)
at org.testng.SuiteRunnerWorker.runSuite(SuiteRunnerWorker.java:52)
at org.testng.SuiteRunnerWorker.run(SuiteRunnerWorker.java:95)
at org.testng.TestNG.runSuitesSequentially(TestNG.java:1249)
at org.testng.TestNG.runSuitesLocally(TestNG.java:1169)
at org.testng.TestNG.runSuites(TestNG.java:1092)
at org.testng.TestNG.run(TestNG.java:1060)
at org.testng.remote.AbstractRemoteTestNG.run(AbstractRemoteTestNG.java:115)
at org.testng.remote.RemoteTestNG.initAndRun(RemoteTestNG.java:251)
at org.testng.remote.RemoteTestNG.main(RemoteTestNG.java:77)
]]>
    </failure>
  </testcase> <!-- emptyEmailinvalidPwdTest -->
  <system-out/>
  <testcase classname="com.pom.qa.testcases.LoginPageTest" name="loginTitleTest" time="12.717"/>
  <system-out/>
  <testcase classname="com.pom.qa.testcases.LoginPageTest" name="wronEmailemtyPwdTest" time="11.916"/>
  <system-out/>
  <testcase classname="com.pom.qa.testcases.LoginPageTest" name="forgotpwdLinkTest" time="15.409"/>
  <system-out/>
  <testcase classname="com.pom.qa.testcases.LoginPageTest" name="verifyForgotPwdTest" time="8.938"/>
  <system-out/>
  <testcase classname="com.pom.qa.testcases.LoginPageTest" name="pwdboxPresentTest" time="10.654"/>
  <system-out/>
</testsuite> <!-- com.pom.qa.testcases.LoginPageTest -->
