<?xml version="1.0" encoding="UTF-8"?>
<!-- Generated by org.testng.reporters.JUnitReportReporter -->
<testsuite hostname="DESKTOP-E58OIO1" failures="0" tests="3" name="com.pom.qa.testcases.ForgotPwPageTest" time="51.942" errors="0" timestamp="2022-03-28T14:13:28 GMT-04:00" skipped="0">
  <testcase classname="com.pom.qa.testcases.ForgotPwPageTest" name="forgotpwstextverify" time="18.813"/>
  <system-out/>
  <testcase classname="com.pom.qa.testcases.ForgotPwPageTest" name="BackButtonverify" time="16.024"/>
  <system-out/>
  <testcase classname="com.pom.qa.testcases.ForgotPwPageTest" name="emailboxverify" time="17.105"/>
  <system-out/>
</testsuite> <!-- com.pom.qa.testcases.ForgotPwPageTest -->
