<?xml version="1.0" encoding="UTF-8"?>
<!-- Generated by org.testng.reporters.JUnitReportReporter -->
<testsuite hostname="DESKTOP-E58OIO1" failures="0" tests="4" name="com.pom.qa.testcases.HomePageTest" time="63.364" errors="0" timestamp="2022-03-28T14:13:28 GMT-04:00" skipped="0">
  <testcase classname="com.pom.qa.testcases.HomePageTest" name="verifyUsername" time="14.536"/>
  <system-out/>
  <testcase classname="com.pom.qa.testcases.HomePageTest" name="signoutbtntest" time="8.864"/>
  <system-out/>
  <testcase classname="com.pom.qa.testcases.HomePageTest" name="logoPresenttest" time="16.729"/>
  <system-out/>
  <testcase classname="com.pom.qa.testcases.HomePageTest" name="homepagetitle" time="23.235"/>
  <system-out/>
</testsuite> <!-- com.pom.qa.testcases.HomePageTest -->
